Terminals which are not used

   LT
   GT
   AMP
   LPAREN
   VBAR
   DOT
   DEBUG
   TILDE
   PATH
   PROMPT
   PWD
   EXTEND
   ALIASLOOP
   PRINTENV
   QUOTE
   PIPE
   BACKGROUND
   BACKSLASH
   SPACE
   OPTION


Grammar

    0 $accept: cmd $end

    1 cmd: builtin.cmd
    2    | simple.cmd

    3 builtin.cmd: CD NEWLINE
    4            | CD WORD NEWLINE
    5            | BYE
    6            | NEWLINE
    7            | LS NEWLINE
    8            | LS WORD NEWLINE
    9            | LS STRING NEWLINE
   10            | SETENV NEWLINE
   11            | SETENV VARIABLE NEWLINE
   12            | SETENV VARIABLE VALUE NEWLINE
   13            | ALIAS NEWLINE
   14            | ALIAS WORD WORD NEWLINE
   15            | ALIAS WORD STRING NEWLINE
   16            | UNALIAS WORD NEWLINE
   17            | UNSETENV NEWLINE
   18            | UNSETENV VARIABLE NEWLINE

   19 simple.cmd: WORD NEWLINE
   20           | WORD WORD NEWLINE
   21           | WORD STRING NEWLINE


Terminals, with rules where they appear

$end (0) 0
error (256)
LT (258)
GT (259)
AMP (260)
LPAREN (261)
VBAR (262)
DOT (263)
DEBUG (264)
NEWLINE (265) 3 4 6 7 8 9 10 11 12 13 14 15 16 17 18 19 20 21
TILDE (266)
LS (267) 7 8 9
SETENV (268) 10 11 12
PATH (269)
PROMPT (270)
CD (271) 3 4
BYE (272) 5
ALIAS (273) 13 14 15
UNALIAS (274) 16
PWD (275)
EXTEND (276)
ALIASLOOP (277)
UNSETENV (278) 17 18
PRINTENV (279)
QUOTE (280)
PIPE (281)
BACKGROUND (282)
BACKSLASH (283)
WORD (284) 4 8 14 15 16 19 20 21
SPACE (285)
VARIABLE (286) 11 12 18
VALUE (287) 12
STRING (288) 9 15 21
OPTION (289)


Nonterminals, with rules where they appear

$accept (35)
    on left: 0
cmd (36)
    on left: 1 2, on right: 0
builtin.cmd (37)
    on left: 3 4 5 6 7 8 9 10 11 12 13 14 15 16 17 18,
    on right: 1
simple.cmd (38)
    on left: 19 20 21, on right: 2


state 0

    0 $accept: . cmd $end

    NEWLINE   shift, and go to state 1
    LS        shift, and go to state 2
    SETENV    shift, and go to state 3
    CD        shift, and go to state 4
    BYE       shift, and go to state 5
    ALIAS     shift, and go to state 6
    UNALIAS   shift, and go to state 7
    UNSETENV  shift, and go to state 8
    WORD      shift, and go to state 9

    cmd          go to state 10
    builtin.cmd  go to state 11
    simple.cmd   go to state 12


state 1

    6 builtin.cmd: NEWLINE .

    $default  reduce using rule 6 (builtin.cmd)


state 2

    7 builtin.cmd: LS . NEWLINE
    8            | LS . WORD NEWLINE
    9            | LS . STRING NEWLINE

    NEWLINE  shift, and go to state 13
    WORD     shift, and go to state 14
    STRING   shift, and go to state 15


state 3

   10 builtin.cmd: SETENV . NEWLINE
   11            | SETENV . VARIABLE NEWLINE
   12            | SETENV . VARIABLE VALUE NEWLINE

    NEWLINE   shift, and go to state 16
    VARIABLE  shift, and go to state 17


state 4

    3 builtin.cmd: CD . NEWLINE
    4            | CD . WORD NEWLINE

    NEWLINE  shift, and go to state 18
    WORD     shift, and go to state 19


state 5

    5 builtin.cmd: BYE .

    $default  reduce using rule 5 (builtin.cmd)


state 6

   13 builtin.cmd: ALIAS . NEWLINE
   14            | ALIAS . WORD WORD NEWLINE
   15            | ALIAS . WORD STRING NEWLINE

    NEWLINE  shift, and go to state 20
    WORD     shift, and go to state 21


state 7

   16 builtin.cmd: UNALIAS . WORD NEWLINE

    WORD  shift, and go to state 22


state 8

   17 builtin.cmd: UNSETENV . NEWLINE
   18            | UNSETENV . VARIABLE NEWLINE

    NEWLINE   shift, and go to state 23
    VARIABLE  shift, and go to state 24


state 9

   19 simple.cmd: WORD . NEWLINE
   20           | WORD . WORD NEWLINE
   21           | WORD . STRING NEWLINE

    NEWLINE  shift, and go to state 25
    WORD     shift, and go to state 26
    STRING   shift, and go to state 27


state 10

    0 $accept: cmd . $end

    $end  shift, and go to state 28


state 11

    1 cmd: builtin.cmd .

    $default  reduce using rule 1 (cmd)


state 12

    2 cmd: simple.cmd .

    $default  reduce using rule 2 (cmd)


state 13

    7 builtin.cmd: LS NEWLINE .

    $default  reduce using rule 7 (builtin.cmd)


state 14

    8 builtin.cmd: LS WORD . NEWLINE

    NEWLINE  shift, and go to state 29


state 15

    9 builtin.cmd: LS STRING . NEWLINE

    NEWLINE  shift, and go to state 30


state 16

   10 builtin.cmd: SETENV NEWLINE .

    $default  reduce using rule 10 (builtin.cmd)


state 17

   11 builtin.cmd: SETENV VARIABLE . NEWLINE
   12            | SETENV VARIABLE . VALUE NEWLINE

    NEWLINE  shift, and go to state 31
    VALUE    shift, and go to state 32


state 18

    3 builtin.cmd: CD NEWLINE .

    $default  reduce using rule 3 (builtin.cmd)


state 19

    4 builtin.cmd: CD WORD . NEWLINE

    NEWLINE  shift, and go to state 33


state 20

   13 builtin.cmd: ALIAS NEWLINE .

    $default  reduce using rule 13 (builtin.cmd)


state 21

   14 builtin.cmd: ALIAS WORD . WORD NEWLINE
   15            | ALIAS WORD . STRING NEWLINE

    WORD    shift, and go to state 34
    STRING  shift, and go to state 35


state 22

   16 builtin.cmd: UNALIAS WORD . NEWLINE

    NEWLINE  shift, and go to state 36


state 23

   17 builtin.cmd: UNSETENV NEWLINE .

    $default  reduce using rule 17 (builtin.cmd)


state 24

   18 builtin.cmd: UNSETENV VARIABLE . NEWLINE

    NEWLINE  shift, and go to state 37


state 25

   19 simple.cmd: WORD NEWLINE .

    $default  reduce using rule 19 (simple.cmd)


state 26

   20 simple.cmd: WORD WORD . NEWLINE

    NEWLINE  shift, and go to state 38


state 27

   21 simple.cmd: WORD STRING . NEWLINE

    NEWLINE  shift, and go to state 39


state 28

    0 $accept: cmd $end .

    $default  accept


state 29

    8 builtin.cmd: LS WORD NEWLINE .

    $default  reduce using rule 8 (builtin.cmd)


state 30

    9 builtin.cmd: LS STRING NEWLINE .

    $default  reduce using rule 9 (builtin.cmd)


state 31

   11 builtin.cmd: SETENV VARIABLE NEWLINE .

    $default  reduce using rule 11 (builtin.cmd)


state 32

   12 builtin.cmd: SETENV VARIABLE VALUE . NEWLINE

    NEWLINE  shift, and go to state 40


state 33

    4 builtin.cmd: CD WORD NEWLINE .

    $default  reduce using rule 4 (builtin.cmd)


state 34

   14 builtin.cmd: ALIAS WORD WORD . NEWLINE

    NEWLINE  shift, and go to state 41


state 35

   15 builtin.cmd: ALIAS WORD STRING . NEWLINE

    NEWLINE  shift, and go to state 42


state 36

   16 builtin.cmd: UNALIAS WORD NEWLINE .

    $default  reduce using rule 16 (builtin.cmd)


state 37

   18 builtin.cmd: UNSETENV VARIABLE NEWLINE .

    $default  reduce using rule 18 (builtin.cmd)


state 38

   20 simple.cmd: WORD WORD NEWLINE .

    $default  reduce using rule 20 (simple.cmd)


state 39

   21 simple.cmd: WORD STRING NEWLINE .

    $default  reduce using rule 21 (simple.cmd)


state 40

   12 builtin.cmd: SETENV VARIABLE VALUE NEWLINE .

    $default  reduce using rule 12 (builtin.cmd)


state 41

   14 builtin.cmd: ALIAS WORD WORD NEWLINE .

    $default  reduce using rule 14 (builtin.cmd)


state 42

   15 builtin.cmd: ALIAS WORD STRING NEWLINE .

    $default  reduce using rule 15 (builtin.cmd)
